\BOOKMARK [0][-]{chapter.1}{1 Introduction}{}% 1
\BOOKMARK [1][-]{section.1.1}{1.1 Motivation}{chapter.1}% 2
\BOOKMARK [1][-]{section.1.2}{1.2 Goal and Focus}{chapter.1}% 3
\BOOKMARK [1][-]{section.1.3}{1.3 Related Work}{chapter.1}% 4
\BOOKMARK [1][-]{section.1.4}{1.4 Outline}{chapter.1}% 5
\BOOKMARK [0][-]{chapter.2}{2 Methods}{}% 6
\BOOKMARK [1][-]{section.2.1}{2.1 Statements and Tokens}{chapter.2}% 7
\BOOKMARK [1][-]{section.2.2}{2.2 Representers}{chapter.2}% 8
\BOOKMARK [2][-]{subsection.2.2.1}{2.2.1 Type Structure Representer}{section.2.2}% 9
\BOOKMARK [2][-]{subsection.2.2.2}{2.2.2 Type Specific Representer}{section.2.2}% 10
\BOOKMARK [2][-]{subsection.2.2.3}{2.2.3 Distance Zero Representer}{section.2.2}% 11
\BOOKMARK [2][-]{subsection.2.2.4}{2.2.4 Distance All Representer}{section.2.2}% 12
\BOOKMARK [2][-]{subsection.2.2.5}{2.2.5 Weight Summary Representer}{section.2.2}% 13
\BOOKMARK [2][-]{subsection.2.2.6}{2.2.6 Weight Sum First Representer}{section.2.2}% 14
\BOOKMARK [2][-]{subsection.2.2.7}{2.2.7 Weight Inverse Representer}{section.2.2}% 15
\BOOKMARK [1][-]{section.2.3}{2.3 K-Means}{chapter.2}% 16
\BOOKMARK [1][-]{section.2.4}{2.4 The Elbow Method}{chapter.2}% 17
\BOOKMARK [1][-]{section.2.5}{2.5 Language Differentiation}{chapter.2}% 18
\BOOKMARK [0][-]{chapter.3}{3 Implementation}{}% 19
\BOOKMARK [1][-]{section.3.1}{3.1 Technology}{chapter.3}% 20
\BOOKMARK [1][-]{section.3.2}{3.2 K-Means Pipeline}{chapter.3}% 21
\BOOKMARK [1][-]{section.3.3}{3.3 Language Differentiation Pipeline}{chapter.3}% 22
\BOOKMARK [1][-]{section.3.4}{3.4 Execution Time}{chapter.3}% 23
\BOOKMARK [1][-]{section.3.5}{3.5 Testing}{chapter.3}% 24
\BOOKMARK [0][-]{chapter.4}{4 Evaluation}{}% 25
\BOOKMARK [1][-]{section.4.1}{4.1 Evaluation Setup}{chapter.4}% 26
\BOOKMARK [2][-]{subsection.4.1.1}{4.1.1 V-Measures}{section.4.1}% 27
\BOOKMARK [2][-]{subsection.4.1.2}{4.1.2 The Elbow Method}{section.4.1}% 28
\BOOKMARK [1][-]{section.4.2}{4.2 Evaluating the Representations}{chapter.4}% 29
\BOOKMARK [2][-]{subsection.4.2.1}{4.2.1 V-Measure scores for Java}{section.4.2}% 30
\BOOKMARK [2][-]{subsection.4.2.2}{4.2.2 Discussion}{section.4.2}% 31
\BOOKMARK [2][-]{subsection.4.2.3}{4.2.3 Type Structure vs. Type Specific}{section.4.2}% 32
\BOOKMARK [1][-]{section.4.3}{4.3 Applicability for other languages}{chapter.4}% 33
\BOOKMARK [2][-]{subsection.4.3.1}{4.3.1 C\043}{section.4.3}% 34
\BOOKMARK [2][-]{subsection.4.3.2}{4.3.2 C++}{section.4.3}% 35
\BOOKMARK [2][-]{subsection.4.3.3}{4.3.3 Phyton}{section.4.3}% 36
\BOOKMARK [2][-]{subsection.4.3.4}{4.3.4 XML}{section.4.3}% 37
\BOOKMARK [2][-]{subsection.4.3.5}{4.3.5 ABACUS log file}{section.4.3}% 38
\BOOKMARK [2][-]{subsection.4.3.6}{4.3.6 Brainfuck}{section.4.3}% 39
\BOOKMARK [2][-]{subsection.4.3.7}{4.3.7 Discussion}{section.4.3}% 40
\BOOKMARK [1][-]{section.4.4}{4.4 Evaluation the Output}{chapter.4}% 41
\BOOKMARK [2][-]{subsection.4.4.1}{4.4.1 Discussion}{section.4.4}% 42
\BOOKMARK [1][-]{section.4.5}{4.5 Evaluating Language Differentiation}{chapter.4}% 43
\BOOKMARK [0][-]{chapter.5}{5 Conclusions and Future Work}{}% 44
\BOOKMARK [1][-]{section.5.1}{5.1 Future Work}{chapter.5}% 45
\BOOKMARK [0][-]{chapter.6}{6 Anleitung zu wissenschaftlichen Arbeiten}{}% 46
\BOOKMARK [1][-]{section.6.1}{6.1 Introduction}{chapter.6}% 47
\BOOKMARK [1][-]{section.6.2}{6.2 Getting Started}{chapter.6}% 48
\BOOKMARK [1][-]{section.6.3}{6.3 Structure Finder}{chapter.6}% 49
\BOOKMARK [1][-]{section.6.4}{6.4 Structure Analyzer}{chapter.6}% 50
\BOOKMARK [1][-]{section.6.5}{6.5 Language Differentiator}{chapter.6}% 51
