\BOOKMARK [0][-]{chapter.1}{1 Introduction}{}% 1
\BOOKMARK [1][-]{section.1.1}{1.1 Motivation}{chapter.1}% 2
\BOOKMARK [1][-]{section.1.2}{1.2 Goal and Focus}{chapter.1}% 3
\BOOKMARK [0][-]{chapter.2}{2 Methods}{}% 4
\BOOKMARK [1][-]{section.2.1}{2.1 Statements and Tokens}{chapter.2}% 5
\BOOKMARK [1][-]{section.2.2}{2.2 Representors}{chapter.2}% 6
\BOOKMARK [2][-]{subsection.2.2.1}{2.2.1 Type Structure Representor}{section.2.2}% 7
\BOOKMARK [2][-]{subsection.2.2.2}{2.2.2 Type Specific Representor}{section.2.2}% 8
\BOOKMARK [2][-]{subsection.2.2.3}{2.2.3 Distance Zero Representor}{section.2.2}% 9
\BOOKMARK [2][-]{subsection.2.2.4}{2.2.4 Distance All Representor}{section.2.2}% 10
\BOOKMARK [2][-]{subsection.2.2.5}{2.2.5 Weight Summary Representor}{section.2.2}% 11
\BOOKMARK [2][-]{subsection.2.2.6}{2.2.6 Weight Sum First Representor}{section.2.2}% 12
\BOOKMARK [2][-]{subsection.2.2.7}{2.2.7 Weight Inverse Representor}{section.2.2}% 13
\BOOKMARK [1][-]{section.2.3}{2.3 K-Means}{chapter.2}% 14
\BOOKMARK [1][-]{section.2.4}{2.4 The Elbow Method}{chapter.2}% 15
\BOOKMARK [1][-]{section.2.5}{2.5 Language Differentiation}{chapter.2}% 16
\BOOKMARK [0][-]{chapter.3}{3 Implementation}{}% 17
\BOOKMARK [1][-]{section.3.1}{3.1 Technology}{chapter.3}% 18
\BOOKMARK [1][-]{section.3.2}{3.2 K-Means Pipeline}{chapter.3}% 19
\BOOKMARK [1][-]{section.3.3}{3.3 Language Differentiation Pipeline}{chapter.3}% 20
\BOOKMARK [1][-]{section.3.4}{3.4 Runtime}{chapter.3}% 21
\BOOKMARK [1][-]{section.3.5}{3.5 Testing}{chapter.3}% 22
\BOOKMARK [0][-]{chapter.4}{4 Evaluation}{}% 23
\BOOKMARK [1][-]{section.4.1}{4.1 The Elbow Method}{chapter.4}% 24
\BOOKMARK [1][-]{section.4.2}{4.2 Evaluating the Representations}{chapter.4}% 25
\BOOKMARK [2][-]{subsection.4.2.1}{4.2.1 V-Measures}{section.4.2}% 26
\BOOKMARK [2][-]{subsection.4.2.2}{4.2.2 V-Measure scores}{section.4.2}% 27
\BOOKMARK [2][-]{subsection.4.2.3}{4.2.3 Explaining the Results}{section.4.2}% 28
\BOOKMARK [2][-]{subsection.4.2.4}{4.2.4 Nearest statement sample}{section.4.2}% 29
\BOOKMARK [0][-]{chapter.5}{5 Evaluating other languages}{}% 30
\BOOKMARK [1][-]{section.5.1}{5.1 C Sharp / C\043}{chapter.5}% 31
\BOOKMARK [1][-]{section.5.2}{5.2 C++}{chapter.5}% 32
\BOOKMARK [1][-]{section.5.3}{5.3 Phyton}{chapter.5}% 33
\BOOKMARK [1][-]{section.5.4}{5.4 XML}{chapter.5}% 34
\BOOKMARK [1][-]{section.5.5}{5.5 ABACUS log file}{chapter.5}% 35
\BOOKMARK [1][-]{section.5.6}{5.6 Brainfuck}{chapter.5}% 36
\BOOKMARK [1][-]{section.5.7}{5.7 General Problems}{chapter.5}% 37
\BOOKMARK [0][-]{chapter.6}{6 Language Differentiation}{}% 38
\BOOKMARK [0][-]{chapter.7}{7 Conclusion and Future Work}{}% 39
\BOOKMARK [1][-]{section.7.1}{7.1 Future Work}{chapter.7}% 40
\BOOKMARK [0][-]{chapter.8}{8 Anleitung zu wissenschaftlichen Arbeiten}{}% 41
\BOOKMARK [1][-]{section.8.1}{8.1 Introduction}{chapter.8}% 42
\BOOKMARK [1][-]{section.8.2}{8.2 Getting Started}{chapter.8}% 43
\BOOKMARK [1][-]{section.8.3}{8.3 Structure Finder}{chapter.8}% 44
\BOOKMARK [1][-]{section.8.4}{8.4 Structure Analyzer}{chapter.8}% 45
\BOOKMARK [1][-]{section.8.5}{8.5 Language Differentiator}{chapter.8}% 46
